<?xml version="1.0" encoding="UTF-8"?>
<!-- Generated by org.testng.reporters.JUnitXMLReporter -->
<testsuite ignored="1" hostname="DESKTOP-EVK9GMC" failures="0" tests="4" name="Default test" time="0.316" errors="0" timestamp="2021-02-01T20:00:13 IST">
  <testcase classname="testNg.Test2" name="chats" time="0.095"/>
  <testcase classname="testNg.Test2" name="chats" time="0.007"/>
  <testcase classname="testNg.Test2" name="chats" time="0.006"/>
  <testcase classname="testNg.Test2" name="calls" time="0.004"/>
  <testcase classname="testNg.Test2" name="block" time="0.0">
    <ignored/>
  </testcase> <!-- block -->
</testsuite> <!-- Default test -->
