<?xml version="1.0" encoding="UTF-8"?>
<testng-results ignored="0" total="3" passed="3" failed="0" skipped="0">
  <reporter-output>
    <line>
      <![CDATA[Log in to Facebook]]>
    </line>
    <line>
      <![CDATA[Log in to Facebook]]>
    </line>
    <line>
      <![CDATA[https://www.facebook.com/login/?privacy_mutation_token=eyJ0eXBlIjowLCJjcmVhdGlvbl90aW1lIjoxNjEyMzYwOTI5LCJjYWxsc2l0ZV9pZCI6MzgxMjI5MDc5NTc1OTQ2fQ%3D%3D]]>
    </line>
    <line>
      <![CDATA[https://www.facebook.com/login/?privacy_mutation_token=eyJ0eXBlIjowLCJjcmVhdGlvbl90aW1lIjoxNjEyMzYwOTMxLCJjYWxsc2l0ZV9pZCI6MzgxMjI5MDc5NTc1OTQ2fQ%3D%3D]]>
    </line>
    <line>
      <![CDATA[Facebook – log in or sign up]]>
    </line>
    <line>
      <![CDATA[https://www.facebook.com/]]>
    </line>
  </reporter-output>
  <suite started-at="2021-02-03T19:31:57 IST" name="Suite" finished-at="2021-02-03T19:32:37 IST" duration-ms="40661">
    <groups>
    </groups>
    <test started-at="2021-02-03T19:31:57 IST" name="Test1" finished-at="2021-02-03T19:32:33 IST" duration-ms="36408">
      <class name="testNg.Paralel">
        <test-method is-config="true" signature="openApp()[pri:0, instance:testNg.Paralel@157853da]" started-at="2021-02-03T19:31:57 IST" name="openApp" finished-at="2021-02-03T19:31:57 IST" duration-ms="27" status="PASS">
          <reporter-output>
          </reporter-output>
        </test-method> <!-- openApp -->
        <test-method signature="demo(java.lang.String)[pri:0, instance:testNg.Paralel@157853da]" started-at="2021-02-03T19:31:57 IST" name="demo" finished-at="2021-02-03T19:32:26 IST" duration-ms="29487" status="PASS">
          <params>
            <param index="0">
              <value>
                <![CDATA[chrome]]>
              </value>
            </param>
          </params>
          <reporter-output>
            <line>
              <![CDATA[Log in to Facebook]]>
            </line>
            <line>
              <![CDATA[https://www.facebook.com/login/?privacy_mutation_token=eyJ0eXBlIjowLCJjcmVhdGlvbl90aW1lIjoxNjEyMzYwOTI5LCJjYWxsc2l0ZV9pZCI6MzgxMjI5MDc5NTc1OTQ2fQ%3D%3D]]>
            </line>
          </reporter-output>
        </test-method> <!-- demo -->
        <test-method is-config="true" signature="closeapp()[pri:0, instance:testNg.Paralel@157853da]" started-at="2021-02-03T19:32:26 IST" name="closeapp" finished-at="2021-02-03T19:32:33 IST" duration-ms="6702" status="PASS">
          <reporter-output>
          </reporter-output>
        </test-method> <!-- closeapp -->
      </class> <!-- testNg.Paralel -->
    </test> <!-- Test1 -->
    <test started-at="2021-02-03T19:31:57 IST" name="Test3" finished-at="2021-02-03T19:32:33 IST" duration-ms="36763">
      <class name="testNg.Paralel">
        <test-method is-config="true" signature="openApp()[pri:0, instance:testNg.Paralel@355ce81c]" started-at="2021-02-03T19:31:57 IST" name="openApp" finished-at="2021-02-03T19:31:57 IST" duration-ms="26" status="PASS">
          <reporter-output>
          </reporter-output>
        </test-method> <!-- openApp -->
        <test-method signature="demo(java.lang.String)[pri:0, instance:testNg.Paralel@355ce81c]" started-at="2021-02-03T19:31:57 IST" name="demo" finished-at="2021-02-03T19:32:27 IST" duration-ms="29849" status="PASS">
          <params>
            <param index="0">
              <value>
                <![CDATA[chrome]]>
              </value>
            </param>
          </params>
          <reporter-output>
            <line>
              <![CDATA[Log in to Facebook]]>
            </line>
            <line>
              <![CDATA[https://www.facebook.com/login/?privacy_mutation_token=eyJ0eXBlIjowLCJjcmVhdGlvbl90aW1lIjoxNjEyMzYwOTMxLCJjYWxsc2l0ZV9pZCI6MzgxMjI5MDc5NTc1OTQ2fQ%3D%3D]]>
            </line>
          </reporter-output>
        </test-method> <!-- demo -->
        <test-method is-config="true" signature="closeapp()[pri:0, instance:testNg.Paralel@355ce81c]" started-at="2021-02-03T19:32:27 IST" name="closeapp" finished-at="2021-02-03T19:32:33 IST" duration-ms="6705" status="PASS">
          <reporter-output>
          </reporter-output>
        </test-method> <!-- closeapp -->
      </class> <!-- testNg.Paralel -->
    </test> <!-- Test3 -->
    <test started-at="2021-02-03T19:31:57 IST" name="Test2" finished-at="2021-02-03T19:32:37 IST" duration-ms="40661">
      <class name="testNg.Paralel">
        <test-method is-config="true" signature="openApp()[pri:0, instance:testNg.Paralel@e1de817]" started-at="2021-02-03T19:31:57 IST" name="openApp" finished-at="2021-02-03T19:31:57 IST" duration-ms="23" status="PASS">
          <reporter-output>
          </reporter-output>
        </test-method> <!-- openApp -->
        <test-method signature="demo(java.lang.String)[pri:0, instance:testNg.Paralel@e1de817]" started-at="2021-02-03T19:31:57 IST" name="demo" finished-at="2021-02-03T19:32:30 IST" duration-ms="33398" status="PASS">
          <params>
            <param index="0">
              <value>
                <![CDATA[firefox]]>
              </value>
            </param>
          </params>
          <reporter-output>
            <line>
              <![CDATA[Facebook – log in or sign up]]>
            </line>
            <line>
              <![CDATA[https://www.facebook.com/]]>
            </line>
          </reporter-output>
        </test-method> <!-- demo -->
        <test-method is-config="true" signature="closeapp()[pri:0, instance:testNg.Paralel@e1de817]" started-at="2021-02-03T19:32:30 IST" name="closeapp" finished-at="2021-02-03T19:32:37 IST" duration-ms="7053" status="PASS">
          <reporter-output>
          </reporter-output>
        </test-method> <!-- closeapp -->
      </class> <!-- testNg.Paralel -->
    </test> <!-- Test2 -->
  </suite> <!-- Suite -->
</testng-results>
