<?xml version="1.0" encoding="UTF-8"?>
<testng-results ignored="0" total="1" passed="1" failed="0" skipped="0">
  <reporter-output>
  </reporter-output>
  <suite started-at="2021-02-04T20:01:22 IST" name="Default suite" finished-at="2021-02-04T20:01:37 IST" duration-ms="15478">
    <groups>
    </groups>
    <test started-at="2021-02-04T20:01:22 IST" name="Default test" finished-at="2021-02-04T20:01:37 IST" duration-ms="15478">
      <class name="pom.Test6">
        <test-method is-config="true" signature="openApp()[pri:0, instance:pom.Test6@757acd7b]" started-at="2021-02-04T20:01:22 IST" name="openApp" finished-at="2021-02-04T20:01:36 IST" duration-ms="14621" status="PASS">
          <reporter-output>
          </reporter-output>
        </test-method> <!-- openApp -->
        <test-method signature="login()[pri:0, instance:pom.Test6@757acd7b]" started-at="2021-02-04T20:01:36 IST" name="login" finished-at="2021-02-04T20:01:37 IST" duration-ms="393" status="PASS">
          <reporter-output>
          </reporter-output>
        </test-method> <!-- login -->
        <test-method is-config="true" signature="closeApp()[pri:0, instance:pom.Test6@757acd7b]" started-at="2021-02-04T20:01:37 IST" name="closeApp" finished-at="2021-02-04T20:01:37 IST" duration-ms="394" status="PASS">
          <reporter-output>
          </reporter-output>
        </test-method> <!-- closeApp -->
      </class> <!-- pom.Test6 -->
    </test> <!-- Default test -->
  </suite> <!-- Default suite -->
</testng-results>
